Performing C SOURCE FILE Test CMAKE_HAVE_LIBC_PTHREAD failed with the following output:
Change Dir: /home/jianz/Documents/project/torch/chessai/CMakeFiles/CMakeTmp

Run Build Command(s):/usr/bin/make -f Makefile cmTC_23532/fast && /usr/bin/make  -f CMakeFiles/cmTC_23532.dir/build.make CMakeFiles/cmTC_23532.dir/build
make[1]: Entering directory '/home/jianz/Documents/project/torch/chessai/CMakeFiles/CMakeTmp'
Building C object CMakeFiles/cmTC_23532.dir/src.c.o
/usr/bin/cc -DCMAKE_HAVE_LIBC_PTHREAD   -o CMakeFiles/cmTC_23532.dir/src.c.o -c /home/jianz/Documents/project/torch/chessai/CMakeFiles/CMakeTmp/src.c
Linking C executable cmTC_23532
/snap/cmake/924/bin/cmake -E cmake_link_script CMakeFiles/cmTC_23532.dir/link.txt --verbose=1
/usr/bin/cc -rdynamic CMakeFiles/cmTC_23532.dir/src.c.o -o cmTC_23532 
/usr/bin/ld: CMakeFiles/cmTC_23532.dir/src.c.o: in function `main':
src.c:(.text+0x46): undefined reference to `pthread_create'
/usr/bin/ld: src.c:(.text+0x52): undefined reference to `pthread_detach'
/usr/bin/ld: src.c:(.text+0x5e): undefined reference to `pthread_cancel'
/usr/bin/ld: src.c:(.text+0x6f): undefined reference to `pthread_join'
collect2: error: ld returned 1 exit status
make[1]: *** [CMakeFiles/cmTC_23532.dir/build.make:99: cmTC_23532] Error 1
make[1]: Leaving directory '/home/jianz/Documents/project/torch/chessai/CMakeFiles/CMakeTmp'
make: *** [Makefile:127: cmTC_23532/fast] Error 2


Source file was:
#include <pthread.h>

static void* test_func(void* data)
{
  return data;
}

int main(void)
{
  pthread_t thread;
  pthread_create(&thread, NULL, test_func, NULL);
  pthread_detach(thread);
  pthread_cancel(thread);
  pthread_join(thread, NULL);
  pthread_atfork(NULL, NULL, NULL);
  pthread_exit(NULL);

  return 0;
}

Determining if the function pthread_create exists in the pthreads failed with the following output:
Change Dir: /home/jianz/Documents/project/torch/chessai/CMakeFiles/CMakeTmp

Run Build Command(s):/usr/bin/make -f Makefile cmTC_88115/fast && /usr/bin/make  -f CMakeFiles/cmTC_88115.dir/build.make CMakeFiles/cmTC_88115.dir/build
make[1]: Entering directory '/home/jianz/Documents/project/torch/chessai/CMakeFiles/CMakeTmp'
Building C object CMakeFiles/cmTC_88115.dir/CheckFunctionExists.c.o
/usr/bin/cc   -DCHECK_FUNCTION_EXISTS=pthread_create -o CMakeFiles/cmTC_88115.dir/CheckFunctionExists.c.o -c /snap/cmake/924/share/cmake-3.21/Modules/CheckFunctionExists.c
Linking C executable cmTC_88115
/snap/cmake/924/bin/cmake -E cmake_link_script CMakeFiles/cmTC_88115.dir/link.txt --verbose=1
/usr/bin/cc  -DCHECK_FUNCTION_EXISTS=pthread_create -rdynamic CMakeFiles/cmTC_88115.dir/CheckFunctionExists.c.o -o cmTC_88115  -lpthreads 
/usr/bin/ld: cannot find -lpthreads
collect2: error: ld returned 1 exit status
make[1]: *** [CMakeFiles/cmTC_88115.dir/build.make:99: cmTC_88115] Error 1
make[1]: Leaving directory '/home/jianz/Documents/project/torch/chessai/CMakeFiles/CMakeTmp'
make: *** [Makefile:127: cmTC_88115/fast] Error 2



Performing C SOURCE FILE Test CMAKE_HAVE_LIBC_PTHREAD failed with the following output:
Change Dir: /home/jianz/Documents/project/chess/chessai/CMakeFiles/CMakeTmp

Run Build Command(s):/usr/bin/make -f Makefile cmTC_8a496/fast && /usr/bin/make  -f CMakeFiles/cmTC_8a496.dir/build.make CMakeFiles/cmTC_8a496.dir/build
make[1]: Entering directory '/home/jianz/Documents/project/chess/chessai/CMakeFiles/CMakeTmp'
Building C object CMakeFiles/cmTC_8a496.dir/src.c.o
/usr/bin/cc -DCMAKE_HAVE_LIBC_PTHREAD   -o CMakeFiles/cmTC_8a496.dir/src.c.o -c /home/jianz/Documents/project/chess/chessai/CMakeFiles/CMakeTmp/src.c
Linking C executable cmTC_8a496
/snap/cmake/924/bin/cmake -E cmake_link_script CMakeFiles/cmTC_8a496.dir/link.txt --verbose=1
/usr/bin/cc -rdynamic CMakeFiles/cmTC_8a496.dir/src.c.o -o cmTC_8a496 
/usr/bin/ld: CMakeFiles/cmTC_8a496.dir/src.c.o: in function `main':
src.c:(.text+0x46): undefined reference to `pthread_create'
/usr/bin/ld: src.c:(.text+0x52): undefined reference to `pthread_detach'
/usr/bin/ld: src.c:(.text+0x5e): undefined reference to `pthread_cancel'
/usr/bin/ld: src.c:(.text+0x6f): undefined reference to `pthread_join'
collect2: error: ld returned 1 exit status
make[1]: *** [CMakeFiles/cmTC_8a496.dir/build.make:99: cmTC_8a496] Error 1
make[1]: Leaving directory '/home/jianz/Documents/project/chess/chessai/CMakeFiles/CMakeTmp'
make: *** [Makefile:127: cmTC_8a496/fast] Error 2


Source file was:
#include <pthread.h>

static void* test_func(void* data)
{
  return data;
}

int main(void)
{
  pthread_t thread;
  pthread_create(&thread, NULL, test_func, NULL);
  pthread_detach(thread);
  pthread_cancel(thread);
  pthread_join(thread, NULL);
  pthread_atfork(NULL, NULL, NULL);
  pthread_exit(NULL);

  return 0;
}

Determining if the function pthread_create exists in the pthreads failed with the following output:
Change Dir: /home/jianz/Documents/project/chess/chessai/CMakeFiles/CMakeTmp

Run Build Command(s):/usr/bin/make -f Makefile cmTC_726ad/fast && /usr/bin/make  -f CMakeFiles/cmTC_726ad.dir/build.make CMakeFiles/cmTC_726ad.dir/build
make[1]: Entering directory '/home/jianz/Documents/project/chess/chessai/CMakeFiles/CMakeTmp'
Building C object CMakeFiles/cmTC_726ad.dir/CheckFunctionExists.c.o
/usr/bin/cc   -DCHECK_FUNCTION_EXISTS=pthread_create -o CMakeFiles/cmTC_726ad.dir/CheckFunctionExists.c.o -c /snap/cmake/924/share/cmake-3.21/Modules/CheckFunctionExists.c
Linking C executable cmTC_726ad
/snap/cmake/924/bin/cmake -E cmake_link_script CMakeFiles/cmTC_726ad.dir/link.txt --verbose=1
/usr/bin/cc  -DCHECK_FUNCTION_EXISTS=pthread_create -rdynamic CMakeFiles/cmTC_726ad.dir/CheckFunctionExists.c.o -o cmTC_726ad  -lpthreads 
/usr/bin/ld: cannot find -lpthreads
collect2: error: ld returned 1 exit status
make[1]: *** [CMakeFiles/cmTC_726ad.dir/build.make:99: cmTC_726ad] Error 1
make[1]: Leaving directory '/home/jianz/Documents/project/chess/chessai/CMakeFiles/CMakeTmp'
make: *** [Makefile:127: cmTC_726ad/fast] Error 2



