1.33017
1.36396
1.12522
1.18145
1.07229
1.1216
1.03805
1.09213
1.03173
1.07374
1.02086
1.05024
1.00426
1.03442
0.999006
1.05619
1.11082
1.1601
1.20352
1.24325
1.27856
1.31127
1.34065
1.36804
1.38944
1.41241
1.43112
1.44864
1.46375
1.48094
1.49476
1.50993
1.522
1.53537
1.53571
1.54395
1.54251
1.54797
1.50828
1.47057
1.43471
1.40055
1.36806
1.33697
1.30726
1.27884
1.25163
1.22575
1.20471
1.1808
1.15794
1.16031
1.14868
1.15025
1.14023
1.13992
1.13046
1.13093
1.11964
1.12326
1.11439
1.11826
1.10975
1.11178
1.10393
1.10587
1.10325
1.11643
1.12924
1.14168
1.15377
1.16552
1.17695
1.18807
1.1989
1.20944
1.21971
1.22971
1.23946
1.24897
1.25824
1.26729
1.27612
1.28473
1.29315
1.30137
1.3094
1.31724
1.32492
1.33242
1.33975
1.34693
1.35395
1.36082
1.36755
1.37414
1.38059
1.38691
1.39311
1.39918
1.40512
1.41096
1.41668
1.42228
1.42779
1.43318
1.43848
1.44368
1.44878
1.4538
1.45872
1.46355
1.4683
1.47296
1.47754
1.48205
1.48647
1.49083
1.4951
1.49931
1.50345
1.50752
1.51152
1.51546
1.51934
1.52315
1.52691
1.5306
1.53424
1.53701
1.54054
1.54364
1.54707
1.54997
1.55331
1.55618
1.55942
1.5622
1.56535
1.56827
1.57133
1.57432
1.57729
1.58022
1.58312
1.58597
1.58879
1.59156
1.59431
1.59701
1.59968
1.60231
1.60491
1.60747
1.61
1.6125
1.61496
1.6174
1.61981
1.62218
1.62452
1.62684
1.62912
1.63138
1.6336
1.63574
1.63791
1.64002
1.64214
1.64425
1.64632
1.64832
1.65035
1.65236
1.65434
1.65624
1.65818
1.6601
1.66199
1.66386
1.66567
1.66749
1.66927
1.67105
1.67278
1.67452
1.67587
1.67713
1.67847
1.67929
1.68067
1.68071
1.68204
1.68269
1.67543
1.66925
1.66255
1.66342
1.66492
1.6666
1.66826
1.66988
1.6715
1.67311
1.67471
1.67511
1.67668
1.67711
1.67865
1.67906
1.68058
1.68099
1.68249
1.68396
1.68542
1.6859
1.67814
1.67049
1.66288
1.65537
1.64969
1.64231
1.63496
1.62771
1.62048
1.61336
1.60626
1.59927
1.59229
1.58542
1.579
1.57224
1.5655
1.55886
1.55223
1.5457
1.53957
1.53315
1.52675
1.52042
1.51412
1.50791
1.50171
1.4956
1.48997
1.49204
1.49409
1.49613
1.49816
1.50017
1.50216
1.50413
1.50609
1.50804
1.50997
1.51188
1.51378
1.51566
1.51753
1.51939
1.52123
1.52306
1.52487
1.52667
1.52846
1.53023
1.53199
1.53374
1.53547
1.53719
1.5389
1.54059
1.54228
1.54395
1.5456
1.54725
1.54889
1.55051
1.55212
1.55372
1.55531
1.55688
1.55845
1.56
1.56155
1.56308
1.5646
1.56611
1.56762
1.56911
1.57059
1.57206
1.57352
1.57497
1.57641
1.57784
1.57926
1.58067
1.58208
1.58347
1.58485
1.58623
1.58759
1.58895
1.5903
1.59164
1.59297
1.59429
1.5956
1.59691
1.5982
1.59949
1.60077
1.60204
1.6033
1.60456
1.60581
1.60705
1.60828
1.6095
1.61072
1.61193
1.61313
1.61432
1.61551
1.61669
1.61786
1.61903
1.62018
1.62134
1.62248
1.62362
1.62475
1.62587
1.62699
1.6281
1.6292
1.6303
1.63139
1.63247
1.63355
1.63462
1.63569
1.63675
1.6349
0.0898969
0.346483
0.690412
0.668789
0.813429
0.781473
0.882448
0.845514
0.913904
0.869678
0.958575
0.987241
1.04828
1.06799
1.11186
1.12551
1.16422
1.17464
1.20457
1.20954
1.23701
1.2419
1.2629
1.26454
1.28751
1.30954
1.33509
1.35883
1.38092
1.40154
1.42081
1.4389
1.45588
1.47188
1.48696
1.5012
1.51467
1.52734
1.53859
1.55004
1.56086
1.57127
1.58124
1.59076
1.59985
1.60855
1.61688
1.62486
1.63252
1.63987
1.64693
1.65372
1.66025
1.66654
1.67261
1.67845
1.6841
1.68954
1.6936
1.69871
1.70365
1.70843
1.71305
1.71754
1.72162
1.72583
1.7293
1.73328
1.73653
1.74029
1.7434
1.74696
1.74975
1.75313
1.75574
1.75896
1.76129
1.76435
1.76665
1.76956
1.77167
1.77446
1.77634
1.77901
1.78161
1.78415
1.78663
1.78905
1.79142
1.79374
1.79601
1.79822
1.80039
1.80252
1.80459
1.80663
1.80862
1.81058
1.81249
1.81436
1.8162
1.818
1.81977
1.8215
1.8232
1.82487
1.82651
1.82812
1.82969
1.83124
1.83276
1.83425
1.83572
1.83716
1.83858
1.83997
1.84126
1.84261
1.84393
1.84523
1.84651
1.84777
1.84901
1.85022
1.85142
1.8526
1.85376
1.8549
1.85603
1.85714
1.85823
1.85929
1.86034
1.86138
1.86241
1.86342
1.86441
1.86539
1.86632
1.86727
1.86818
1.8691
1.86998
1.87087
1.87174
1.87057
1.87087
1.86965
1.86986
1.86891
1.86978
1.87064
1.87148
1.87232
1.87314
1.87395
1.87476
1.87555
1.87633
1.8771
1.87785
1.8786
1.87935
1.88008
1.88081
1.88153
1.88223
1.88293
1.883
1.88368
1.88436
1.88504
1.88561
1.88627
1.88692
1.88756
1.8882
1.88883
1.88939
1.89
1.89055
1.89115
1.89152
1.89211
1.89259
1.89317
1.89374
1.8943
1.89486
1.89542
1.89596
1.89651
1.89704
1.89757
1.8981
1.89862
1.89913
1.89964
1.90014
1.90064
1.90114
1.90163
1.90211
1.90259
1.90293
1.90209
1.90165
1.90072
1.90065
1.89976
1.89973
1.89893
1.89891
1.89812
1.89806
1.8971
1.897
1.89608
1.89599
1.89511
1.89505
1.89437
1.8944
1.89371
1.89365
1.89306
1.89294
1.89203
1.89133
1.89047
1.88971
1.88909
1.88903
1.88891
1.88744
1.88778
1.88819
1.8885
1.88891
1.8892
1.88959
1.88989
1.89028
1.89057
1.89052
1.89087
1.89124
1.89157
1.89195
1.89224
1.89261
1.89288
1.89324
1.89351
1.89393
1.89434
1.89469
1.8951
1.89537
1.89577
1.89612
1.89651
1.89684
1.89723
1.89755
1.89793
1.89832
1.89869
1.89907
1.89944
1.89981
1.90018
1.90054
1.9009
1.90126
1.90162
1.90197
1.90232
1.90267
1.90301
1.90336
1.9037
1.90404
1.90437
1.90467
1.904
1.90391
1.90321
1.90315
1.90246
1.90244
1.90168
1.90163
1.90098
1.9009
1.90035
1.90033
1.8998
1.89976
1.89922
1.89921
1.89869
1.89868
1.89808
1.89807
1.89753
1.89748
1.897
1.89697
1.89641
1.89637
1.89586
1.8958
1.89535
1.89532
1.89475
1.89468
1.89417
1.89409
1.89353
1.89352
1.89296
1.89281
1.89219
1.89215
1.89168
1.89159
1.89111
1.89099
1.89068
1.89028
1.88996
1.88952
1.88684
1.8853
1.88258
1.88076
1.87816
1.87641
1.87373
1.87217
1.86936
1.86773
1.86484
1.86341
1.86042
1.85887
1.85613
1.85461
1.85192
1.85037
1.84762
1.84615
1.84365
1.84229
1.83986
1.8385
1.83602
0.991509
0.944848
0.929004
0.93518
0.934851
0.929557
0.932088
0.934071
0.93116
0.930682
0.937528
0.964527
0.916801
0.876639
0.842324
0.811887
0.783413
0.761753
0.74198
0.722044
0.70389
0.712895
0.719485
0.729954
0.740186
0.713249
0.688198
0.664988
0.643204
0.624591
0.606704
0.588512
0.571503
0.554735
0.538886
0.523917
0.509757
0.496392
0.483704
0.471651
0.467116
0.464623
0.462363
0.459892
0.458062
0.458036
0.456619
0.449003
0.440031
0.433346
0.433781
0.434173
0.434986
0.434925
0.434711
0.432259
0.424735
0.417651
0.410761
0.404139
0.399215
0.394563
0.389475
0.389068
0.38698
0.381118
0.37543
0.369909
0.364548
0.35934
0.354309
0.349388
0.344602
0.339945
0.335413
0.330999
0.326701
0.322512
0.31843
0.31445
0.310567
0.30678
0.303084
0.299476
0.295953
0.292511
0.289149
0.285863
0.282651
0.279511
0.276439
0.273434
0.270494
0.267617
0.2648
0.262041
0.25934
0.256694
0.254101
0.25156
0.249069
0.246627
0.244233
0.241884
0.239581
0.237321
0.235103
0.232926
0.230789
0.228691
0.226669
0.224645
0.222658
0.220705
0.218785
0.216899
0.215045
0.213223
0.211431
0.209669
0.207937
0.206232
0.204555
0.202906
0.201283
0.199685
0.198113
0.196565
0.195041
0.193541
0.192064
0.190609
0.189175
0.187764
0.186373
0.185002
0.183652
0.182321
0.18101
0.179717
0.178442
0.177185
0.175946
0.174724
0.173519
0.172331
0.172292
0.171128
0.171098
0.169958
0.168832
0.167721
0.166625
0.165543
0.16555
0.164489
0.163442
0.162407
0.161386
0.160377
0.159381
0.158397
0.157425
0.156465
0.155517
0.15458
0.153655
0.15274
0.151836
0.150943
0.15006
0.150157
0.149289
0.148431
0.147583
0.146846
0.146016
0.145196
0.144385
0.143582
0.142789
0.142005
0.141229
0.140461
0.139702
0.141726
0.438467
0.520775
0.849595
0.796606
0.935599
0.881011
0.962756
0.92037
0.974136
0.933239
0.973718
0.939622
0.969843
0.942298
0.969889
0.944687
0.971421
0.949591
0.969895
0.949974
0.968082
0.952077
0.96925
0.952474
0.994252
1.03246
1.06828
1.10085
1.13175
1.16006
1.18703
1.2119
1.23568
1.25506
1.27457
1.29432
1.31088
1.32857
1.34374
1.35743
1.36985
1.33725
1.30616
1.27648
1.24811
1.22098
1.195
1.17011
1.14623
1.12331
1.10128
1.0801
1.05972
1.0401
1.02119
1.00295
0.985359
0.968371
0.951958
0.936094
0.920748
0.9059
0.891521
0.877593
0.864091
0.851001
0.8383
0.825974
0.814003
0.802379
0.791078
0.780096
0.76941
0.759013
0.748893
0.73904
0.729442
0.720091
0.710976
0.702088
0.693421
0.684964
0.676712
0.668656
0.660789
0.653106
0.645599
0.638262
0.631091
0.624079
0.617221
0.610902
0.604333
0.598322
0.592024
0.5863
0.580255
0.574754
0.568948
0.563612
0.558036
0.55257
0.547237
0.54237
0.537467
0.532988
0.528196
0.523962
0.519329
0.515372
0.510903
0.506483
0.502125
0.498558
0.49436
0.490886
0.486847
0.482879
0.478998
0.475594
0.471828
0.46856
0.464938
0.461759
0.458223
0.455233
0.451791
0.448754
0.446229
0.443416
0.444844
0.445658
0.446841
0.444363
0.447009
0.444499
0.446458
0.444101
0.445645
0.443545
0.444756
0.442955
0.44397
0.441462
0.450291
0.457123
0.46633
0.472971
0.481808
0.482152
0.488725
0.489251
0.496344
0.496937
0.503241
0.503956
0.511484
0.511803
0.518455
0.518022
0.518417
0.515217
0.512059
0.51503
0.523979
0.529604
0.537708
0.542943
0.550325
0.555595
0.563996
0.572336
0.580589
0.588746
0.596811
0.604783
0.612666
0.62046
0.628167
0.635788
0.643325
0.650779
0.658152
0.665445
0.672659
0.679795
0.686855
0.69384
0.70075
0.707589
0.714355
0.721051
0.727678
0.734236
0.740727
0.747152
0.753512
0.759807
0.766039
0.772209
0.778317
0.784365
0.790354
0.796283
0.802155
0.80797
0.813729
0.819432
0.82508
0.830675
0.836217
0.841706
0.847144
0.852532
0.857869
0.863156
0.868395
0.873586
0.878729
0.883826
0.888877
0.893882
0.898842
0.903758
0.90863
0.913459
0.918246
0.92299
0.927693
0.932355
0.936977
0.941559
0.946102
0.950606
0.955071
0.959499
0.963889
0.968243
0.97256
0.976841
0.981086
0.985296
0.989472
0.993614
0.997721
1.0018
1.00584
1.00985
1.01382
1.01777
1.02168
1.02556
1.02941
1.03323
1.03703
1.04079
1.04452
1.04822
1.0519
1.05554
1.05916
1.06265
1.06621
1.06937
1.07288
1.07637
1.07983
1.08307
1.08648
1.08986
1.09322
1.09656
1.09987
1.10315
1.10641
1.10965
1.11286
1.11605
1.11922
1.12237
1.12549
1.12859
1.13167
1.13473
1.13777
1.14078
1.14377
1.14675
1.1497
1.15263
1.15554
1.15844
1.16131
1.16416
1.16699
1.16981
1.1726
1.17538
1.17814
1.18088
1.1836
1.1863
1.18899
1.19166
1.19431
1.19694
1.19955
1.20215
1.20473
1.2073
1.20985
1.21238
1.2149
1.2174
1.21988
1.22235
1.2248
1.22724
1.22914
1.23155
1.23317
0.0814372
0.272553
0.646002
0.574576
0.7186
0.658976
0.754549
0.720382
0.802994
0.776683
0.825038
0.803397
0.844448
0.815706
0.848905
0.824692
0.857979
0.83639
0.896098
0.950724
0.985746
0.966296
0.987799
0.970843
0.989786
0.974768
0.993895
0.978388
0.994486
0.980042
0.995082
0.982399
0.995713
0.981424
0.994007
0.432006
0.447494
0.752509
0.687216
0.828637
0.768386
0.848236
0.80262
0.860669
0.823137
0.864836
0.835798
0.875677
0.852163
0.889183
0.872447
0.602537
0.594042
0.883522
0.787557
0.92099
0.859273
0.94255
0.851375
0.826207
0.76518
0.744357
0.707295
0.693073
0.660877
0.657465
0.632797
0.679607
0.676938
0.71823
0.709293
0.74477
0.732685
0.762774
0.750954
0.781044
0.771164
0.797294
0.791121
0.828214
0.863885
0.897898
0.870742
0.845148
0.823152
0.800341
0.78067
0.760082
0.742891
0.724331
0.707877
0.690619
0.674457
0.658779
0.644058
0.629752
0.630535
0.583752
0.543689
0.393918
1.3661
1.3753
1.00855
0.234462
0.807205
0.733867
0.899244
0.843734
0.935931
0.886219
0.94996
0.906364
0.953428
0.915837
0.964844
0.926331
0.96786
0.93538
0.971281
0.939721
0.977197
0.950123
0.982332
0.956863
0.98542
1.00331
1.04067
1.05148
1.08376
1.09372
1.12174
1.12969
1.1548
1.16117
1.18513
1.19379
1.21587
1.22672
1.24653
1.25581
1.27389
1.28048
1.29731
1.3021
1.31739
1.32193
1.33617
1.33975
1.35298
1.35598
1.36841
1.37123
1.38256
1.37962
1.38977
1.38031
1.38941
1.37994
1.38896
1.38009
1.38871
1.38247
1.39066
1.38306
1.39068
1.38179
1.38866
1.38089
1.38758
1.37433
1.37795
1.36445
1.36799
1.35519
1.35983
0.0519854
0.698242
1.04799
0.216435
0.815444
0.396041
0.887995
0.794506
0.936348
0.867106
0.966154
0.915208
0.977214
0.937815
0.985311
0.941183
0.989577
0.56954
1.03084
0.894335
1.05123
0.94891
1.02548
0.962745
1.023
0.972656
1.0216
0.970153
1.01258
0.394173
0.558819
0.531713
0.572569
0.60368
0.577783
0.614855
0.579336
0.605059
0.570214
0.587634
0.557665
0.480698
0.469244
0.49836
0.501792
0.536014
0.523254
0.576873
0.555726
0.613016
0.587899
0.63016
0.602936
0.644546
0.614487
0.592632
0.581042
0.561313
0.550018
0.529846
0.519644
0.503929
0.495864
0.48796
0.480663
0.473886
0.464791
0.468771
0.461212
0.454771
0.448392
0.445937
0.438814
0.440678
0.434106
0.434594
0.429072
0.43172
0.42604
0.428224
0.422481
0.427034
0.422962
0.425242
0.421741
0.419904
0.415909
0.417496
0.413354
0.412255
0.408518
0.40642
0.402702
0.400269
0.396914
0.395712
0.39264
0.390882
0.387973
0.386997
0.38514
0.382822
0.381075
0.378692
0.376668
0.377147
0.374994
0.371979
0.370394
0.367469
0.365285
0.362524
0.360483
0.35718
0.355686
0.352599
0.350646
0.347208
0.346218
0.343167
0.341432
0.340354
0.339851
0.340877
0.339453
0.33993
0.33844
0.337503
0.335282
0.333542
0.331282
0.328747
0.32621
0.323485
0.320821
0.318509
0.315676
0.313763
0.311025
0.309262
0.306566
0.304943
0.302331
0.301124
0.298384
0.297376
0.294841
0.294128
0.291639
0.290517
0.288157
0.286818
0.284816
0.28335
0.281101
0.279511
0.285251
0.291928
0.313827
0.301661
0.275984
0.256649
0.235653
0.223464
0.213052
0.198725
0.197351
0.186562
0.176432
0.167921
0.163915
0.162819
0.166875
0.175949
0.180549
0.186601
0.18969
0.191872
0.195456
0.194329
0.194397
0.19456
0.192693
0.191839
0.196171
0.198513
0.201235
0.202233
0.202914
0.202676
0.200937
0.199263
0.195926
0.19313
0.191485
0.195849
0.208069
0.219636
0.229989
0.239982
0.248855
0.258197
0.266591
0.274783
0.282256
0.288817
0.295898
0.30292
0.308267
0.312633
0.316281
0.319977
0.323232
0.320806
0.318455
0.316614
0.314958
0.312597
0.309376
0.308416
0.307741
0.306674
0.305387
0.303666
0.302665
0.301077
0.299501
0.297436
0.296336
0.29565
0.294063
0.292006
0.290245
0.289078
0.287451
0.285972
0.283889
0.281835
0.279737
0.281682
0.283799
0.282128
0.281056
0.27925
0.277581
0.276561
0.274578
0.272891
0.27113
0.271407
0.272773
0.273398
0.273424
0.272547
0.27141
0.272239
0.273206
0.274296
0.273629
0.271546
0.269873
0.268346
0.266696
0.264883
0.263881
0.262276
0.260782
0.259157
0.257532
0.256939
0.255809
0.254365
0.253166
0.251789
0.25066
0.249097
0.247878
0.246314
0.244864
0.243278
0.242142
0.242363
0.241933
0.241281
0.241222
0.241094
0.241269
0.240818
0.239823
0.238736
0.238692
0.239291
0.241916
0.245228
0.24891
0.252476
0.255361
0.258351
0.260736
0.26292
0.264905
0.266357
0.26531
0.264078
0.262931
0.261581
0.260014
0.258426
0.25748
0.256386
0.255239
0.254137
0.253254
0.252433
0.25145
0.250267
0.248901
0.248259
0.246996
0.246201
0.245457
0.244803
0.243986
0.244011
0.244141
0.244193
0.243672
0.242989
0.242054
0.241284
0.240167
0.239264
0.238442
0.238034
0.237352
0.236444
0.235521
0.234515
0.234065
0.233199
0.232316
0.23154
0.230766
0.229809
0.229329
0.228597
0.22783
0.227173
0.226495
0.225814
0.22528
0.224422
0.223639
0.222778
0.222401
0.221887
0.221573
0.220955
0.220285
0.219581
0.218932
0.218031
0.217437
0.363887
0.340804
0.317478
0.289382
0.274106
0.27201
0.264263
0.25722
0.251136
0.241903
0.237316
0.269366
0.293879
0.309215
0.323733
0.336425
0.345344
0.351565
0.35331
0.353502
0.365274
0.374728
0.381869
0.384396
0.3891
0.390261
0.389077
0.384817
0.382947
0.378648
0.378908
0.379463
0.379297
0.378381
0.37752
0.376396
0.374818
0.374001
0.373898
0.374305
0.374332
0.374066
0.373623
0.368175
0.363479
0.361209
0.358742
0.356709
0.356338
0.35514
0.353892
0.35239
0.350851
0.348957
0.345455
0.341935
0.338616
0.335223
0.331683
0.328524
0.324658
0.320572
0.316144
0.31188
0.30752
0.303936
0.300102
0.296754
0.293139
0.290035
0.286531
0.284823
0.283336
0.282062
0.279953
0.277878
0.275887
0.273556
0.271574
0.26929
0.266952
0.264435
0.262769
0.260766
0.259023
0.257038
0.254921
0.252818
0.250435
0.24827
0.245926
0.243686
0.241586
0.240052
0.238841
0.237479
0.23595
0.234078
0.232493
0.230661
0.229001
0.22721
0.225615
0.223939
0.22211
0.22024
0.218299
0.216384
0.214608
0.212931
0.211287
0.209714
0.207967
0.206289
0.204615
0.20297
0.201403
0.199853
0.198321
0.196792
0.195604
0.194248
0.19296
0.191653
0.190528
0.190966
0.191371
0.191679
0.191983
0.192184
0.192266
0.192215
0.192023
0.191674
0.191457
0.191247
0.191045
0.190597
0.189962
0.189297
0.188552
0.187688
0.187066
0.186322
0.185395
0.184519
0.183449
0.18235
0.181276
0.180247
0.179403
0.178711
0.177911
0.17692
0.176135
0.175254
0.17533
0.175458
0.175624
0.1755
0.17504
0.174844
0.17444
0.173935
0.173665
0.173378
0.172876
0.172734
0.172739
0.172649
0.172418
0.172074
0.171638
0.171172
0.170587
0.170358
0.169576
0.168735
0.167882
0.167079
0.166236
0.16544
0.164618
0.16387
0.163046
0.162327
0.161592
0.160823
0.160133
0.159576
0.159146
0.158399
0.157699
0.156979
0.156364
0.155741
0.155053
0.15449
0.153871
0.153607
0.153011
0.152292
0.151608
0.151076
0.150623
0.150132
0.149484
0.148942
0.148423
0.147933
0.147476
0.146997
0.146569
0.146143
0.145516
0.145098
0.144609
0.710794
0.721772
0.71492
0.722863
0.719265
0.694596
0.67737
0.657271
0.637235
0.612902
0.581285
0.555621
0.532545
0.515408
0.504082
0.493967
0.481964
0.471797
0.463829
0.455742
0.451798
0.447388
0.452321
0.455054
0.456852
0.459707
0.464244
0.478526
0.49102
0.501068
0.511494
0.520272
0.529649
0.537374
0.544996
0.549485
0.552222
0.556024
0.557661
0.563065
0.567257
0.570331
0.571679
0.572535
0.573202
0.573355
0.573898
0.573963
0.574069
0.574157
0.574418
0.573742
0.573099
0.57402
0.577221
0.580559
0.583903
0.586823
0.58944
0.591151
0.592432
0.595853
0.596434
0.597637
0.598843
0.599424
0.599544
0.59701
0.594857
0.58966
0.586839
0.58377
0.573537
0.573779
0.54603
0.542995
0.534091
0.502683
0.472637
0.457736
0.447357
0.445325
0.450965
0.475124
0.494873
0.508678
0.519191
0.529262
0.536107
0.545928
0.550793
0.551641
0.551626
0.557602
0.564424
0.57031
0.574315
0.565582
0.557136
0.549381
0.542902
0.534687
0.524724
0.515783
0.508444
0.50136
0.495594
0.490467
0.481653
0.474534
0.465547
0.456588
0.449887
0.443512
0.43811
0.432207
0.427003
0.422164
0.418154
0.413335
0.408697
0.404992
0.398608
0.39372
0.390859
0.389727
0.385118
0.380543
0.378342
0.375697
0.374262
0.372959
0.37065
0.368447
0.365888
0.363022
0.360226
0.356547
0.352669
0.349003
0.345061
0.341641
0.337985
0.33571
0.333734
0.331474
0.328448
0.326264
0.322934
0.32019
0.317048
0.314544
0.312407
0.31027
0.307544
0.305966
0.304031
0.302941
0.301807
0.299255
0.297136
0.295
0.294281
0.292294
0.290307
0.288214
0.286978
0.286391
0.28528
0.283559
0.283046
0.283197
0.283198
0.281985
0.279999
0.278187
0.27628
0.274516
0.273451
0.272253
0.271307
0.271227
0.271244
0.271461
0.271704
0.26994
0.270182
0.270853
0.271611
0.27195
0.272233
0.272459
0.272646
0.272651
0.272691
0.272585
0.272733
0.272722
0.272823
0.272473
0.272205
0.272258
0.272067
0.271908
0.271672
0.271593
0.27154
0.270999
0.270351
0.270083
0.269338
0.269235
0.268541
0.267736
0.270142
0.271818
0.273125
0.274042
0.274348
0.274823
0.274556
0.273853
0.273377
0.272537
0.271348
0.26993
0.268888
0.267519
0.266103
0.264493
0.263233
0.261932
0.260921
0.25948
0.257948
0.256537
0.255136
0.253886
0.252618
0.251192
0.249899
0.248541
0.247221
0.245976
0.244914
0.243753
0.242845
0.242126
0.241184
0.240185
0.239086
0.238252
0.237134
0.236219
0.235195
0.234269
0.233217
0.232045
0.23131
0.230394
0.229498
0.228427
0.228344
0.228673
0.228817
0.228959
0.228985
0.228743
0.22854
0.228014
0.22739
0.226687
0.225869
0.225101
0.224148
0.223338
0.222471
0.221574
0.220774
0.219893
0.219101
0.218356
0.217505
0.216671
0.21579
0.215113
0.2144
0.213587
0.2128
0.211882
0.211085
0.210252
0.209438
0.208597
0.207795
0.207092
0.206308
0.205652
0.204853
0.204183
0.203382
0.202615
0.201916
0.201175
0.200412
0.19967
0.198912
0.198185
0.197398
0.196689
0.19596
0.195278
0.357168
0.218774
0.250889
0.196673
0.215303
0.180151
0.179744
0.165232
0.165246
0.15839
0.154317
0.147999
0.147286
0.144547
0.139151
0.137605
0.136958
0.134475
0.135942
0.132041
0.134703
0.131851
0.140719
0.13835
0.142035
0.139108
0.138634
0.135806
0.133996
0.132496
0.133851
0.132827
0.137999
0.137779
0.138841
0.139344
0.141627
0.142137
0.143161
0.143884
0.142802
0.141987
0.146471
0.146846
0.145865
0.146057
0.14687
0.14749
0.154134
0.155242
0.160684
0.160635
0.161963
0.161795
0.162655
0.162257
0.163091
0.160579
0.159452
0.168175
0.169018
0.180759
0.179074
0.188862
0.187145
0.197334
0.19586
0.203904
0.203043
0.209702
0.208616
0.218404
0.216088
0.221071
0.218353
0.222173
0.219744
0.226523
0.22436
0.230654
0.228759
0.235974
0.233598
0.239849
0.237469
0.242553
0.240347
0.246496
0.244203
0.250084
0.248041
0.25325
0.250986
0.255144
0.253108
0.256361
0.254133
0.256177
0.253802
0.255632
0.253274
0.254731
0.252465
0.254502
0.252387
0.253754
0.251636
0.253957
0.251963
0.253639
0.2516
0.252352
0.250257
0.250904
0.248932
0.249563
0.247686
0.248082
0.246328
0.247019
0.256517
0.221316
0.22093
0.218532
0.207271
0.198078
0.192729
0.189406
0.183951
0.176869
0.172088
0.166361
0.163444
0.165002
0.165033
0.163026
0.158436
0.154943
0.152948
0.149169
0.1456
0.143795
0.144849
0.144412
0.143413
0.141452
0.139886
0.139016
0.141565
0.141265
0.14246
0.141945
0.143327
0.143908
0.146739
0.145283
0.145047
0.14543
0.14599
0.1495
0.150921
0.152233
0.151729
0.151317
0.149365
0.148852
0.148527
0.147749
0.147838
0.148026
0.146705
0.146208
0.146926
0.146953
0.150438
0.1526
0.154173
0.15531
0.155311
0.155537
0.154877
0.15478
0.153848
0.152509
0.151884
0.150911
0.151007
0.150353
0.149136
0.148462
0.149541
0.149072
0.148997
0.14931
0.148783
0.148884
0.148826
0.148088
0.147909
0.149024
0.149348
0.149807
0.150429
0.150478
0.150129
0.149526
0.149624
0.148631
0.147917
0.147641
0.148365
0.148608
0.149068
0.148812
0.14839
0.14916
0.149661
0.150155
0.150556
0.15083
0.151153
0.151454
0.151537
0.151535
0.151303
0.151013
0.150676
0.150531
0.150419
0.150441
0.149824
0.149253
0.148588
0.147922
0.147394
0.146912
0.146213
0.145328
0.144744
0.144149
0.143223
0.142204
0.141289
0.1404
0.139624
0.138715
0.137775
0.136837
0.135894
0.135038
0.134171
0.13331
0.13249
0.131675
0.131006
0.130879
0.130521
0.130126
0.12967
0.129011
0.128564
0.127975
0.127417
0.126817
0.126786
0.126487
0.125903
0.125462
0.125178
0.124824
0.124451
0.124176
0.123655
0.123065
0.122413
0.122249
0.121716
0.121181
0.120801
0.120329
0.119727
0.119187
0.11871
0.118296
0.118082
0.117841
0.117663
0.117924
0.118093
0.117477
0.117084
0.116591
0.116192
0.115833
0.115217
0.114741
0.114264
0.114333
0.113998
0.113707
0.113414
0.11305
0.112673
0.112257
0.111829
0.111976
0.111962
0.11165
0.111588
0.111567
0.111316
0.111424
0.111119
0.110803
0.110369
0.110272
0.110347
0.110577
0.110224
0.109805
0.109514
0.109159
0.108679
0.108367
0.107917
0.107616
0.107555
0.107249
0.107027
0.106565
0.106197
0.105799
0.105549
0.301215
0.275029
0.279609
0.283038
0.261795
0.252904
0.239656
0.247863
0.255379
0.266029
0.272195
0.283351
0.288318
0.284919
0.278263
0.279907
0.282099
0.281499
0.280103
0.278431
0.272458
0.26739
0.26856
0.269083
0.268495
0.267681
0.267575
0.269753
0.275785
0.278162
0.277843
0.275674
0.276245
0.276538
0.274965
0.273325
0.270762
0.268906
0.267994
0.266977
0.270706
0.269702
0.268508
0.266582
0.264692
0.263233
0.264101
0.266691
0.268287
0.270403
0.270956
0.273752
0.278151
0.282421
0.284624
0.286198
0.284516
0.281184
0.278527
0.276478
0.27429
0.27255
0.269842
0.26764
0.266299
0.263469
0.262086
0.260645
0.257907
0.255453
0.255008
0.254971
0.254804
0.252716
0.250762
0.248796
0.247579
0.246798
0.245964
0.248266
0.249958
0.251568
0.251608
0.253951
0.256709
0.259197
0.262984
0.265819
0.268338
0.269787
0.270484
0.271286
0.271536
0.271715
0.275622
0.275061
0.273978
0.272091
0.270925
0.271123
0.270877
0.27005
0.26941
0.267085
0.264925
0.262671
0.261765
0.260108
0.258223
0.256206
0.254112
0.252453
0.250741
0.248901
0.247939
0.246827
0.24555
0.244364
0.243977
0.243484
0.243074
0.241554
0.240496
0.239108
0.238948
0.238751
0.237213
0.235851
0.234507
0.233727
0.232825
0.231958
0.230684
0.229997
0.228901
0.227587
0.226219
0.225037
0.224413
0.223141
0.222649
0.221417
0.22041
0.219857
0.219822
0.219472
0.219203
0.218622
0.217569
0.216366
0.215338
0.214358
0.213407
0.212825
0.212237
0.211525
0.210781
0.210046
0.209163
0.20831
0.207439
0.206641
0.205817
0.205011
0.204375
0.204113
0.20351
0.203006
0.202556
0.201953
0.201451
0.201068
0.200258
0.199769
0.199182
0.198442
0.197614
0.196769
0.195978
0.195229
0.194454
0.194166
0.193551
0.19273
0.192022
0.19135
0.190671
0.190042
0.189726
0.147255
0.150222
0.147568
0.149202
0.145557
0.13996
0.13597
0.134549
0.140513
0.136442
0.13704
0.139136
0.147075
0.146608
0.143864
0.143217
0.140254
0.139657
0.139381
0.135567
0.132483
0.132866
0.134276
0.134479
0.134364
0.132564
0.133153
0.130755
0.128814
0.126823
0.126079
0.124167
0.12448
0.123599
0.123918
0.124521
0.124863
0.124311
0.124936
0.125858
0.126321
0.12601
0.126406
0.126634
0.126482
0.125347
0.129784
0.131664
0.137646
0.143536
0.150328
0.153181
0.156976
0.161909
0.162287
0.164709
0.167923
0.169047
0.171071
0.171214
0.172463
0.173352
0.174249
0.174786
0.173508
0.17229
0.170868
0.170902
0.169159
0.168909
0.167633
0.166628
0.166635
0.16618
0.164313
0.162878
0.161314
0.160406
0.159443
0.158571
0.157771
0.157032
0.156816
0.156433
0.155651
0.15549
0.155578
0.156237
0.157021
0.157731
0.157979
0.157577
0.157261
0.156921
0.156966
0.155977
0.155989
0.154962
0.155157
0.155154
0.15463
0.153785
0.153297
0.153266
0.152585
0.152281
0.151475
0.150717
0.150145
0.149873
0.149249
0.149509
0.149977
0.151044
0.152358
0.152542
0.152264
0.152539
0.151591
0.150582
0.150107
0.150447
0.150308
0.150816
0.151172
0.151422
0.151911
0.15234
0.152808
0.153673
0.154001
0.153714
0.152779
0.151989
0.152075
0.15145
0.150906
0.150941
0.150881
0.150693
0.150653
0.150934
0.151346
0.152056
0.153157
0.152708
0.152028
0.151461
0.150861
0.150592
0.15013
0.15062
0.150708
0.151199
0.150611
0.149999
0.149567
0.148973
0.148412
0.147669
0.148512
0.148926
0.148655
0.148295
0.147876
0.147401
0.146955
0.147209
0.147339
0.147193
0.147173
0.147347
0.147433
0.148239
0.149042
0.149938
0.150803
0.151851
0.152041
0.151991
0.151675
0.151505
0.151332
0.151426
0.15119
0.150925
0.15072
0.150249
0.149773
0.149288
0.148993
0.149025
0.148704
0.148212
0.147547
0.147099
0.146539
0.146057
0.145548
0.145124
0.144434
0.143758
0.143369
0.143048
0.142397
0.142507
0.141938
0.141463
0.140975
0.14068
0.140593
0.140025
0.139695
0.139159
0.138922
0.138697
0.138289
0.137784
0.137298
0.136728
0.136209
0.135694
0.136275
0.189588
0.188522
0.174635
0.169042
0.161201
0.152342
0.166069
0.177502
0.189382
0.198792
0.203685
0.210857
0.214685
0.221559
0.227994
0.231056
0.231925
0.225069
0.220364
0.218084
0.211124
0.207078
0.203753
0.199216
0.195554
0.0712504
0.207697
0.145636
0.177971
0.148512
0.166844
0.152847
0.159714
0.151642
0.152691
0.146494
0.148415
0.141399
0.141715
0.135896
0.138072
0.131575
0.132663
0.127952
0.129239
0.126357
0.127002
0.13222
0.132483
0.141886
0.139747
0.14494
0.142345
0.146597
0.146121
0.152499
0.152806
0.1565
0.154289
0.154404
0.153244
0.154449
0.153008
0.153124
0.151463
0.157671
0.159328
0.158482
0.157595
0.156493
0.155187
0.154431
0.154622
0.153873
0.15326
0.153727
0.153057
0.155124
0.155483
0.1582
0.158231
0.160644
0.160319
0.161283
0.160705
0.160188
0.158737
0.159459
0.158858
0.1594
0.158415
0.162332
0.160745
0.164452
0.163347
0.164471
0.163101
0.162246
0.161332
0.160391
0.158459
0.15718
0.155376
0.159087
0.15736
0.156141
0.154774
0.1537
0.152933
0.153059
0.152345
0.152246
0.151491
0.153643
0.153863
0.153736
0.152481
0.152626
0.151261
0.15117
0.149991
0.149548
0.148116
0.147655
0.146382
0.146062
0.144703
0.145513
0.144765
0.147516
0.146514
0.148985
0.147949
0.14999
0.234513
0.258708
0.235664
0.226593
0.221476
0.221052
0.215763
0.214752
0.21059
0.209635
0.205281
0.199372
0.193549
0.190629
0.188575
0.185847
0.18119
0.181612
0.180934
0.189361
0.198283
0.201617
0.201353
0.200021
0.200241
0.200345
0.20451
0.204462
0.202804
0.201062
0.199112
0.196396
0.194099
0.191937
0.190726
0.188249
0.189061
0.199084
0.209837
0.221851
0.230549
0.23804
0.246836
0.25563
0.261974
0.264781
0.270768
0.275913
0.27881
0.27936
0.281233
0.280935
0.280135
0.280841
0.281011
0.280321
0.277976
0.276475
0.276509
0.276704
0.273281
0.273429
0.273616
0.272823
0.269553
0.267178
0.265061
0.263697
0.262862
0.260345
0.257311
0.25457
0.252915
0.25168
0.249303
0.24739
0.248848
0.249894
0.250857
0.251397
0.251496
0.252629
0.257335
0.0957695
0.0962448
0.0876993
0.0857688
0.0759993
0.0689875
0.0695454
0.0723361
0.0723253
0.071858
0.0729473
0.0763373
0.0816988
0.0859787
0.0913866
0.0942148
0.101953
0.121607
0.144451
0.157996
0.1778
0.194807
0.208624
0.222555
0.23355
0.246232
0.254472
0.263637
0.269231
0.275528
0.283837
0.288948
0.29524
0.298858
0.302786
0.305083
0.30714
0.305413
0.302563
0.298117
0.296361
0.291283
0.286619
0.28318
0.278416
0.274158
0.271557
0.269158
0.266216
0.262556
0.258817
0.25581
0.25373
0.250518
0.247034
0.24332
0.240382
0.238638
0.241228
0.241957
0.241075
0.239723
0.237998
0.237158
0.235972
0.236508
0.236625
0.235534
0.236243
0.235357
0.234379
0.234404
0.231853
0.229659
0.229955
0.22943
0.228155
0.22552
0.222836
0.221765
0.219256
0.217763
0.215429
0.213741
0.212639
0.210432
0.211673
0.210911
0.209891
0.208674
0.207434
0.20624
0.205534
0.204878
0.204065
0.204191
0.204297
0.20433
0.204259
0.203455
0.202132
0.201252
0.200014
0.198658
0.197668
0.197703
0.197391
0.196711
0.195725
0.194879
0.194154
0.193308
0.192473
0.191491
0.19038
0.189029
0.187804
0.186415
0.185321
0.18456
0.184314
0.183565
0.182914
0.182301
0.181259
0.179873
0.178531
0.177332
0.176174
0.175006
0.173751
0.172678
0.171581
0.170392
0.169391
0.168409
0.167447
0.166524
0.165649
0.164931
0.164201
0.16372
0.16306
0.162006
0.161047
0.160047
0.15901
0.158341
0.157544
0.156687
0.156026
0.155109
0.154347
0.154079
0.154447
0.154707
0.154583
0.15465
0.154603
0.154405
0.153857
0.153497
0.152959
0.152686
0.152416
0.151975
0.151291
0.15057
0.150163
0.149783
0.149226
0.148708
0.148217
0.14779
0.147545
0.147634
0.147303
0.147216
0.146772
0.146509
0.146352
0.146286
0.146038
0.145754
0.145065
0.14447
0.143776
0.143271
0.142839
0.142262
0.141695
0.141218
0.141266
0.140921
0.14033
0.139829
0.13921
0.138789
0.138666
0.138371
0.137871
0.137725
0.137357
0.136985
0.136346
0.136077
0.136248
0.13564
0.135168
0.134958
0.134528
0.13444
0.134162
0.133979
0.133708
0.133238
0.132714
0.132419
0.132021
0.131643
0.131234
0.13089
0.130507
0.130061
0.129601
0.129183
0.128829
0.128495
0.128531
0.128246
0.128171
0.128107
0.128039
0.127932
0.12785
0.12774
0.127533
0.127416
0.127181
0.1267
0.126308
0.125873
0.125475
0.125028
0.124595
0.124225
0.123873
0.12349
0.123092
0.122831
0.122584
0.122192
0.12182
0.121507
0.121288
0.121079
0.120667
0.120405
0.120099
0.119664
0.119286
0.118977
0.118717
0.118354
0.118016
0.117804
0.147329
0.123883
0.0956445
0.0783085
0.0771151
0.072933
0.0696808
0.0700282
0.0721881
0.071069
0.0711624
0.0692848
0.0683343
0.0701091
0.0704128
0.071569
0.0715175
0.0725643
0.0749008
0.0867161
0.0938377
0.104535
0.119496
0.130029
0.140154
0.150277
0.159942
0.173277
0.183144
0.18921
0.192321
0.194619
0.195946
0.197227
0.199505
0.202556
0.204603
0.205211
0.207585
0.206026
0.204851
0.206457
0.205294
0.208443
0.210942
0.21242
0.211988
0.21089
0.209551
0.20898
0.208076
0.207144
0.207033
0.205137
0.203295
0.203725
0.204243
0.203681
0.205733
0.210209
0.213429
0.216664
0.21774
0.217906
0.21865
0.220787
0.222592
0.223467
0.22416
0.224648
0.225401
0.22698
0.227896
0.22897
0.228048
0.227017
0.226199
0.225422
0.224607
0.22371
0.223006
0.222099
0.220971
0.220216
0.219347
0.218425
0.217439
0.216619
0.215723
0.214897
0.214379
0.213781
0.212414
0.210946
0.209402
0.207785
0.206303
0.205055
0.203692
0.20235
0.200829
0.199299
0.197763
0.196428
0.195069
0.193909
0.192247
0.190592
0.189
0.187447
0.185942
0.184454
0.182915
0.181438
0.179998
0.178587
0.177204
0.175799
0.174435
0.173066
0.171707
0.17036
0.169098
0.167896
0.166747
0.165675
0.164917
0.163929
0.162898
0.161801
0.160836
0.159816
0.158757
0.157778
0.156907
0.155856
0.154989
0.154101
0.153372
0.152443
0.151539
0.150737
0.149766
0.148915
0.148034
0.147401
0.146876
0.146089
0.145387
0.144497
0.143767
0.143053
0.142407
0.141704
0.141035
0.140402
0.139689
0.139048
0.138399
0.137788
0.137084
0.136503
0.135827
0.135158
0.134506
0.134403
0.13417
0.133905
0.133672
0.133335
0.132955
0.132512
0.132027
0.131503
0.13097
0.130401
0.129815
0.129244
0.128669
0.128089
0.127498
0.126895
0.126295
0.12568
0.125073
0.124473
0.123931
0.123415
0.122825
0.122245
0.12167
0.121078
0.120477
0.119932
0.119388
0.119153
0.118675
0.118181
0.117727
0.117416
0.116949
0.116678
0.11629
0.115978
0.115526
0.115014
0.114637
0.114297
0.113969
0.113654
0.11338
0.113054
0.112623
0.112181
0.11178
0.111341
0.110898
0.110452
0.109974
0.109517
0.109054
0.108602
0.108137
0.10775
0.107374
0.106921
0.106473
0.106028
0.105579
0.105125
0.104674
0.104275
0.103875
0.103482
0.103094
0.102773
0.102443
0.102075
0.101729
0.101398
0.10109
0.10079
0.10049
0.100262
0.100098
0.0999182
0.0996858
0.0994726
0.0992398
0.0989704
0.0986466
0.0983375
0.0980226
0.0976677
0.0973196
0.0970012
0.0984851
0.239439
0.207517
0.185725
0.179978
0.235599
0.264252
0.280467
0.288717
0.300138
0.306502
0.306145
0.30936
0.318815
0.322813
0.328494
0.0885414
0.0974776
0.0865519
0.0846999
0.0813068
0.0695722
0.0709736
0.0636835
0.0671973
0.0693444
0.069174
0.0690901
0.0677403
0.0680852
0.0666634
0.071543
0.0743069
0.0747533
0.0757814
0.074966
0.0817368
0.0801598
0.0864406
0.0875842
0.0934205
0.0951799
0.102993
0.104833
0.115503
0.117995
0.123882
0.126836
0.130943
0.135235
0.13934
0.138165
0.140009
0.137427
0.139716
0.137918
0.138373
0.146722
0.150409
0.162986
0.16797
0.179119
0.183211
0.190812
0.193691
0.199399
0.200762
0.207961
0.207799
0.213739
0.212655
0.21355
0.211926
0.21686
0.215729
0.223651
0.222465
0.224888
0.222715
0.224574
0.222575
0.226567
0.224355
0.227425
0.22543
0.22583
0.223085
0.221356
0.220284
0.222819
0.222692
0.225442
0.22534
0.227435
0.2271
0.230111
0.229709
0.232809
0.232354
0.234734
0.234803
0.237803
0.239052
0.240115
0.240828
0.242421
0.244293
0.246637
0.248324
0.24997
0.251614
0.253048
0.254366
0.256267
0.256467
0.257978
0.257141
0.257678
0.25778
0.258211
0.258141
0.259126
0.25983
0.260494
0.260456
0.262025
0.26236
0.262702
0.262973
0.264014
0.26278
0.263133
0.262049
0.262979
0.262489
0.261937
0.260636
0.259982
0.259527
0.259127
0.258809
0.258143
0.257544
0.2562
0.254792
0.253321
0.251855
0.251055
0.249986
0.249623
0.248438
0.24921
0.248138
0.247765
0.246526
0.245738
0.246053
0.245145
0.246164
0.248334
0.249744
0.251798
0.251962
0.253824
0.254153
0.256218
0.256616
0.258943
0.25992
0.261621
0.262214
0.263182
0.263594
0.265703
0.264991
0.266316
0.265587
0.266362
0.266149
0.267399
0.266687
0.267818
0.266439
0.267444
0.266198
0.266994
0.266911
0.26794
0.26693
0.267975
0.266494
0.266263
0.265498
0.265516
0.264064
0.263586
0.262438
0.262521
0.261681
0.261789
0.260677
0.260998
0.259929
0.260034
0.259222
0.258209
0.257744
0.257049
0.255892
0.255087
0.254215
0.253724
0.25287
0.252572
0.251707
0.250608
0.250743
0.250317
0.249281
0.248999
0.24823
0.247653
0.247633
0.248588
0.248686
0.249624
0.24873
0.247835
0.247572
0.247154
0.248144
0.247568
0.248535
0.248069
0.248565
0.247891
0.248458
0.247805
0.248009
0.247361
0.247352
0.247034
0.246763
0.24642
0.246348
0.24597
0.245778
0.24515
0.244899
0.244297
0.243774
0.242883
0.242137
0.241822
0.241101
0.240382
0.240145
0.240489
0.239785
0.240107
0.239498
0.239538
0.238909
0.23902
0.238172
0.237534
0.236605
0.236044
0.235123
0.234292
0.23365
0.233002
0.232318
0.231429
0.230925
0.230339
0.229532
0.228972
0.228149
0.22737
0.226793
0.226159
0.225741
0.224936
0.224752
0.224068
0.22328
0.222772
0.222107
0.221822
0.221279
0.220853
0.220386
0.219868
0.219276
0.218837
0.218142
0.217657
0.216965
0.216288
0.215548
0.214845
0.214208
0.213545
0.212926
0.21221
0.211626
0.210961
0.210517
0.209983
0.209373
0.20892
0.20825
0.2076
0.207226
0.0889974
0.108097
0.127434
0.137207
0.159933
0.160697
0.15201
0.144965
0.137009
0.131921
0.148132
0.169849
0.179166
0.194986
0.207988
0.221488
0.234486
0.245628
0.252846
0.2532
0.259626
0.268917
0.274787
0.277165
0.271847
0.264926
0.257914
0.2574
0.256717
0.255392
0.253383
0.251017
0.252793
0.263254
0.274477
0.284502
0.296223
0.304662
0.313213
0.319989
0.327334
0.330301
0.33316
0.336516
0.340814
0.344886
0.350413
0.354571
0.355342
0.355734
0.355179
0.356854
0.356862
0.355217
0.353224
0.350196
0.348541
0.344525
0.341969
0.339627
0.336548
0.336492
0.332386
0.329185
0.326248
0.323562
0.321247
0.318418
0.316099
0.313396
0.310407
0.30809
0.305509
0.302564
0.301856
0.300116
0.297897
0.295111
0.292634
0.289971
0.287143
0.28515
0.282749
0.281965
0.280773
0.279535
0.278221
0.276969
0.276309
0.274759
0.275298
0.275022
0.274189
0.272061
0.26961
0.267909
0.266601
0.265154
0.264212
0.262673
0.261096
0.258912
0.256834
0.254491
0.252472
0.250664
0.249383
0.252763
0.234888
0.230315
0.227324
0.229747
0.223852
0.213451
0.201457
0.193342
0.192895
0.183168
0.174943
0.165999
0.161755
0.156252
0.14995
0.146745
0.144816
0.140548
0.138675
0.138436
0.143141
0.14414
0.144486
0.143069
0.148057
0.148488
0.151816
0.15306
0.153409
0.15749
0.160757
0.162597
0.161585
0.164
0.165184
0.165769
0.164816
0.163639
0.162994
0.165619
0.168846
0.167322
0.169244
0.170989
0.175328
0.176176
0.177128
0.177477
0.178758
0.176528
0.17405
0.173401
0.172296
0.171868
0.169702
0.167375
0.168186
0.0798996
0.0809014
0.0817679
0.0913215
0.0917261
0.098838
0.0970654
0.0923059
0.0899746
0.0851696
0.0814875
0.0784615
0.0740897
0.0728003
0.0711942
0.0779121
0.104239
0.121977
0.133476
0.144667
0.161193
0.172494
0.18346
0.184194
0.180785
0.177844
0.174735
0.169893
0.165622
0.163972
0.165464
0.166081
0.166112
0.166646
0.174346
0.177086
0.174939
0.176996
0.181679
0.188194
0.188661
0.187687
0.186121
0.191596
0.196486
0.205705
0.211946
0.216647
0.220538
0.228015
0.233829
0.23894
0.242256
0.2497
0.252494
0.251805
0.251785
0.254927
0.257059
0.256286
0.254845
0.242622
0.272498
0.293805
0.292557
0.299513
0.296027
0.292042
0.289143
0.29379
0.293802
0.292905
0.288378
0.282989
0.287175
0.298614
0.302404
0.303839
0.30526
0.310364
0.309841
0.319477
0.32556
0.329002
0.333845
0.340267
0.343769
0.349385
0.34602
0.341688
0.3375
0.334121
0.335022
0.331365
0.325308
0.320339
0.328602
0.335109
0.337489
0.337188
0.334907
0.333493
0.330729
0.328262
0.327964
0.32447
0.320581
0.316933
0.316688
0.316429
0.313275
0.31368
0.31283
0.310976
0.306962
0.304757
0.302413
0.29881
0.295602
0.2918
0.288211
0.285168
0.282199
0.278404
0.275254
0.271242
0.267372
0.264049
0.261812
0.259026
0.256024
0.253274
0.250939
0.248003
0.245204
0.242478
0.23971
0.238734
0.236472
0.233991
0.231936
0.229687
0.227762
0.226361
0.224305
0.222009
0.219988
0.21775
0.215545
0.213314
0.211893
0.210034
0.208329
0.207232
0.210018
0.211908
0.213858
0.215612
0.216726
0.218396
0.220771
0.220634
0.221012
0.22162
0.221496
0.221383
0.221086
0.220867
0.220092
0.218846
0.219024
0.218431
0.217608
0.216491
0.215657
0.214061
0.212931
0.211505
0.210044
0.20849
0.2074
0.205806
0.204445
0.203171
0.202029
0.200877
0.201336
0.200231
0.199005
0.197613
0.196592
0.195311
0.193932
0.192727
0.191903
0.191144
0.190216
0.189246
0.188043
0.187026
0.18578
0.184728
0.183774
0.182882
0.181953
0.180892
0.180077
0.179232
0.178507
0.177968
0.177264
0.176796
0.176294
0.175459
0.174422
0.173736
0.172849
0.172149
0.171471
0.170545
0.16971
0.168872
0.168094
0.167271
0.166424
0.16551
0.164684
0.163885
0.165018
0.17101
0.159253
0.188014
0.166052
0.151968
0.156128
0.153212
0.160259
0.164063
0.152802
0.156847
0.14661
0.149088
0.140504
0.145973
0.139365
0.143052
0.139081
0.141649
0.138182
0.142382
0.137987
0.141469
0.137353
0.14021
0.143006
0.147193
0.148474
0.150736
0.152525
0.153992
0.154725
0.155235
0.155785
0.156557
0.156218
0.15631
0.15354
0.154154
0.155249
0.15391
0.152919
0.151916
0.151084
0.149725
0.14998
0.15135
0.163381
0.165231
0.180015
0.18219
0.192454
0.192574
0.196139
0.19537
0.19916
0.198024
0.20411
0.203565
0.208001
0.207718
0.211176
0.211233
0.214658
0.213976
0.212793
0.211752
0.213061
0.212098
0.211824
0.210857
0.211995
0.210873
0.210379
0.209418
0.209422
0.208649
0.207077
0.205718
0.204634
0.203745
0.20317
0.201593
0.200041
0.19846
0.197365
0.197404
0.196145
0.195554
0.194507
0.193214
0.192227
0.190399
0.189053
0.187629
0.189157
0.188814
0.191235
0.191031
0.193464
0.192349
0.192246
0.191253
0.191413
0.190445
0.190307
0.189371
0.188728
0.187234
0.186377
0.185389
0.18449
0.184216
0.183979
0.183223
0.183158
0.182917
0.18333
0.183082
0.183767
0.182612
0.182539
0.181464
0.181886
0.181756
0.182393
0.181609
0.182475
0.182436
0.182875
0.181986
0.184531
0.183959
0.186188
0.185731
0.187229
0.186393
0.187285
0.186645
0.188112
0.187379
0.18821
0.1871
0.186172
0.185098
0.184258
0.183175
0.18242
0.181349
0.180931
0.179875
0.180167
0.179249
0.179047
0.178455
0.17817
0.177254
0.1773
0.176379
0.176731
0.175755
0.176527
0.175604
0.175144
0.174473
0.177138
0.177211
0.179586
0.179948
0.180616
0.180101
0.181405
0.181348
0.180693
0.180307
0.179874
0.179938
0.179401
0.180094
0.18083
0.181405
0.182274
0.181642
0.182618
0.182689
0.183346
0.182778
0.184222
0.183672
0.184654
0.184285
0.184791
0.184546
0.185513
0.185369
0.186086
0.185937
0.186487
0.186291
0.186779
0.187065
0.186909
0.186676
0.186663
0.18581
0.185475
0.184837
0.184344
0.183858
0.183414
0.183242
0.182648
0.182916
0.182468
0.183853
0.184378
0.185496
0.185321
0.184624
0.184192
0.184838
0.184556
0.18538
0.185032
0.186015
0.185643
0.186261
0.185853
0.1863
0.186091
0.185581
0.18587
0.185655
0.186047
0.186512
0.186494
0.186805
0.186939
0.187102
0.187078
0.18668
0.18635
0.186427
0.186227
0.186393
0.185923
0.186034
0.186178
0.185855
0.185634
0.185461
0.185448
0.185098
0.184849
0.184453
0.184267
0.184104
0.183744
0.183544
0.183362
0.183266
0.183459
0.183237
0.184276
0.184046
0.184487
0.183996
0.184693
0.184591
0.18611
0.186339
0.18767
0.187636
0.188304
0.187795
0.188166
0.187834
0.1885
0.188099
0.188517
0.188046
0.188125
0.187647
0.187848
0.1873
0.18738
0.186768
0.18696
0.186346
0.186388
0.185784
0.185833
0.185304
0.185251
0.184892
0.184832
0.184648
0.185661
0.185393
0.186109
0.185872
0.186706
0.186469
0.18708
0.186826
0.187394
0.187098
0.187834
0.087
0.110601
0.124743
0.118706
0.114545
0.106399
0.0999598
0.0958605
0.0977799
0.098327
0.0976355
0.0944234
0.0913635
0.0907524
0.106912
0.135657
0.15969
0.182184
0.199157
0.220512
0.239191
0.250495
0.260681
0.263905
0.274746
0.284194
0.296201
0.309522
0.318799
0.318715
0.32138
0.32012
0.314947
0.3144
0.314229
0.310978
0.306763
0.307655
0.304354
0.299964
0.295848
0.291237
0.287187
0.284374
0.283071
0.282926
0.280691
0.278276
0.279934
0.282226
0.282037
0.282494
0.284747
0.285151
0.284909
0.285188
0.28815
0.292086
0.295828
0.299851
0.303144
0.304666
0.305559
0.306907
0.307656
0.307881
0.30574
0.305198
0.30474
0.302711
0.303258
0.302937
0.302063
0.300387
0.299572
0.297249
0.295445
0.295655
0.294584
0.294985
0.294978
0.292876
0.292173
0.289869
0.288394
0.286833
0.285187
0.283427
0.282023
0.28081
0.27871
0.277431
0.275417
0.273149
0.271566
0.271825
0.271965
0.271387
0.270712
0.270446
0.270457
0.269831
0.269378
0.270047
0.271391
0.273299
0.274392
0.273945
0.27275
0.271977
0.270601
0.269316
0.267715
0.266015
0.264267
0.262473
0.261163
0.259885
0.259063
0.257735
0.256618
0.255533
0.254469
0.253287
0.251995
0.250806
0.249546
0.248433
0.248044
0.247626
0.247084
0.246358
0.245417
0.244721
0.244269
0.243349
0.243185
0.24271
0.243175
0.242622
0.241954
0.241119
0.240319
0.239137
0.23814
0.237507
0.236692
0.235696
0.235439
0.234976
0.234685
0.23377
0.233027
0.232234
0.231148
0.230306
0.230166
0.229665
0.229948
0.23014
0.230308
0.230359
0.230233
0.229989
0.230111
0.229738
0.229227
0.22836
0.227891
0.227453
0.226698
0.225826
0.22498
0.224192
0.223301
0.222413
0.221897
0.221398
0.220705
0.220302
0.219823
0.219206
0.218381
0.21744
0.216713
0.215952
0.215012
0.21403
0.213265
0.212298
0.211434
0.210554
0.209571
0.208605
0.208099
0.207506
0.206874
0.206159
0.205214
0.204334
0.203508
0.202612
0.201793
0.200891
0.200024
0.199327
0.198559
0.197664
0.196866
0.196171
0.195338
0.194451
0.193708
0.193004
0.192293
0.191557
0.190824
0.190045
0.189187
0.188389
0.187628
0.186871
0.186339
0.185697
0.18533
0.270301
0.265945
0.258911
0.262096
0.254966
0.250638
0.238724
0.218199
0.208265
0.199574
0.193715
0.193531
0.193011
0.191149
0.193269
0.198522
0.1992
0.199381
0.200447
0.198424
0.19777
0.205463
0.219334
0.231551
0.237078
0.239554
0.243036
0.244539
0.243719
0.240913
0.240515
0.239181
0.238368
0.239562
0.238865
0.2364
0.235955
0.234045
0.233119
0.232191
0.229947
0.230873
0.231479
0.231106
0.230915
0.234279
0.234935
0.234457
0.235473
0.23643
0.237519
0.238388
0.238454
0.239344
0.241416
0.242116
0.241933
0.242341
0.243103
0.242331
0.240556
0.238193
0.236177
0.234047
0.233175
0.23138
0.229217
0.227711
0.226548
0.226272
0.225203
0.224364
0.223475
0.224553
0.226356
0.22885
0.229242
0.229397
0.228633
0.22911
0.230392
0.231294
0.231832
0.231083
0.229993
0.229696
0.22834
0.228392
0.228096
0.228249
0.227285
0.225997
0.225431
0.225085
0.224425
0.223736
0.223368
0.223053
0.22257
0.222187
0.222636
0.222573
0.222373
0.222093
0.221854
0.221552
0.221052
0.220116
0.219457
0.218667
0.217332
0.216566
0.215412
0.214121
0.212496
0.210927
0.209745
0.208561
0.207435
0.206136
0.205227
0.204361
0.202892
0.201833
0.200739
0.200068
0.19918
0.19814
0.197033
0.19591
0.194958
0.194148
0.192805
0.19151
0.190235
0.18957
0.189168
0.188619
0.188292
0.18756
0.186996
0.185948
0.184894
0.183774
0.182819
0.181813
0.181387
0.180862
0.180272
0.179455
0.17857
0.177763
0.177156
0.176158
0.175302
0.174618
0.173919
0.173019
0.172101
0.171319
0.170344
0.169375
0.168543
0.167798
0.16706
0.166311
0.165486
0.164603
0.163867
0.163105
0.162281
0.162298
0.162407
0.162351
0.162276
0.162395
0.162313
0.162126
0.161954
0.161556
0.161337
0.161062
0.160729
0.160269
0.15969
0.159439
0.159195
0.158922
0.158674
0.15824
0.157714
0.157226
0.156778
0.156325
0.155611
0.154959
0.154291
0.153593
0.15292
0.152264
0.151755
0.1511
0.150623
0.150097
0.149452
0.148855
0.148297
0.147725
0.147044
0.146386
0.145932
0.145428
0.144868
0.144334
0.143742
0.143274
0.142724
0.142306
0.141795
0.141264
0.140839
0.140574
0.140186
0.139783
0.13936
0.138957
0.138466
0.138059
0.137502
0.136974
0.136491
0.135932
0.135383
0.13495
0.134412
0.133977
0.0435057
0.0547254
0.0543379
0.0692839
0.0690043
0.0721131
0.0829633
0.0881528
0.0854516
0.0821171
0.0827307
0.083393
0.0841582
0.081934
0.0810576
0.0803165
0.0786856
0.0795272
0.0801029
0.0813771
0.0843444
0.0860062
0.0883236
0.0909272
0.0908364
0.091886
0.0983994
0.102887
0.116719
0.121721
0.129371
0.144036
0.159789
0.167657
0.175324
0.184961
0.186514
0.18848
0.190676
0.194226
0.196673
0.196781
0.195926
0.193977
0.194186
0.19382
0.19343
0.192545
0.18997
0.189188
0.187453
0.186654
0.18786
0.188932
0.188882
0.189128
0.188961
0.190641
0.189482
0.18842
0.189674
0.188432
0.187176
0.185381
0.183889
0.183644
0.185918
0.185077
0.188263
0.190404
0.195747
0.199355
0.202216
0.206537
0.209332
0.208431
0.209302
0.207858
0.20752
0.205677
0.203538
0.202626
0.201199
0.199794
0.198312
0.197361
0.195742
0.194169
0.192304
0.191388
0.18989
0.188918
0.188154
0.187369
0.186477
0.185239
0.184901
0.185041
0.184346
0.183514
0.183052
0.182549
0.182428
0.181854
0.181632
0.180574
0.179929
0.179094
0.17835
0.180402
0.179691
0.178673
0.178455
0.179104
0.178679
0.178119
0.178031
0.178316
0.179489
0.179741
0.178986
0.179607
0.180452
0.18062
0.180313
0.180137
0.179558
0.179078
0.179514
0.179976
0.179827
0.179299
0.179824
0.180094
0.180532
0.181453
0.18225
0.183406
0.183328
0.182891
0.182606
0.182127
0.182226
0.181465
0.181415
0.181816
0.182688
0.183734
0.18493
0.18566
0.186228
0.185758
0.185176
0.184382
0.183786
0.183046
0.182323
0.181686
0.180862
0.180189
0.179507
0.178975
0.17816
0.177447
0.177084
0.176359
0.175869
0.175395
0.17469
0.174142
0.173465
0.173702
0.173661
0.173281
0.172863
0.172922
0.172494
0.17198
0.171564
0.171291
0.171143
0.170938
0.170856
0.17107
0.170371
0.169726
0.169403
0.168902
0.168232
0.168055
0.167777
0.167101
0.166511
0.166026
0.165264
0.164616
0.164047
0.163576
0.16334
0.162841
0.162471
