0.279511
0.377486
0.230694
0.288359
0.309717
0.241297
0.240462
0.157553
0.303086
0.266791
0.294877
0.305637
0.133261
0.143426
0.194873
0.20875
0.219493
0.263537
0.227705
0.348702
0.217437
0.332347
0.25482
0.239762
0.366094
0.27142
0.258692
0.23929
0.147214
0.216212
0.292035
0.336219
0.122426
0.274957
0.287085
0.279761
0.180557
0.240273
0.154484
0.382051
0.145498
0.226647
0.228061
0.189618
0.194941
0.29486
0.228114
0.168778
0.261719
0.179752
0.156771
0.265293
0.181945
0.269989
0.263666
0.297188
0.212886
0.343521
0.17634
0.111557
0.586839
0.246776
0.225931
0.188823
0.218108
0.218379
0.208282
0.28176
0.248335
0.247935
0.155474
0.310319
0.197926
0.265768
0.241046
0.187237
0.200136
0.343803
0.161233
0.138276
0.195278
0.155109
0.196382
0.208851
0.257799
0.212476
0.213797
0.203073
0.194351
0.196078
0.270994
0.166788
0.251084
0.177695
0.289263
0.181385
0.24789
0.229868
0.157189
0.230488
0.247019
0.186482
0.171644
0.223789
0.175755
0.136634
0.201625
0.202701
0.159129
0.196362
0.184325
0.197753
0.162736
0.174464
0.258786
0.0956351
0.269962
0.185899
0.225846
0.19773
0.105971
0.230765
0.214602
0.180711
0.160961
0.140084
0.11562
0.162992
0.113838
0.228748
0.225022
0.240836
0.180239
0.16646
0.182562
0.112195
0.257904
0.145353
0.162717
0.243572
0.189859
0.24527
0.188652
0.161582
0.200356
0.185779
0.214392
0.170581
0.175219
0.209124
0.144513
0.193675
0.247033
0.187817
0.132462
0.157682
0.168057
0.129967
0.219932
0.207967
0.136275
0.218284
0.142033
0.118666
0.152885
0.126695
0.179379
0.136413
0.134449
0.160608
0.15804
0.181224
0.108308
0.123391
0.22799
0.169648
0.190963
0.194794
0.266386
0.0909677
0.196013
0.144599
0.144061
0.115047
0.192007
0.146364
0.157989
0.153758
0.129273
0.18306
0.191377
0.233693
0.140127
0.149898
0.19709
0.239431
0.157177
0.178807
0.186494
0.159133
0.14999
0.157734
0.198707
0.16104
0.270262
0.214094
0.160972
0.112197
0.20769
0.144535
0.229669
0.149085
0.191693
0.176086
0.153197
0.192169
0.150089
0.175273
0.163633
0.221785
0.260564
0.244245
0.187521
0.221634
0.17112
0.189882
0.182632
0.15214
0.203433
0.162846
0.124442
0.18571
0.161297
0.185192
0.154477
0.173763
0.156423
0.191431
0.144595
0.156219
0.117916
0.13575
0.150797
0.134748
0.227403
0.156542
0.167819
0.135197
0.18233
0.164528
0.183906
0.174325
0.159615
0.132199
0.150728
0.142757
0.146221
0.153193
0.125753
0.148888
0.0984851
0.156077
0.184565
0.112308
0.269565
0.192291
0.168503
0.197979
0.232865
0.15748
0.227129
0.17669
0.226757
0.196897
0.152537
0.134814
0.172016
0.174166
0.230215
0.144372
0.328494
0.205401
0.142249
0.150265
0.175669
0.176937
0.106038
0.108733
0.0905371
0.208924
0.112769
0.133304
0.139948
0.147371
0.219376
0.18837
0.237155
0.166492
0.138021
0.165647
0.207226
0.200474
0.145655
0.184904
0.209847
0.15379
0.143732
0.20381
0.176881
0.151945
0.22667
0.113379
0.186084
0.231516
0.130137
0.119348
0.145649
0.13044
0.135677
0.173254
0.248867
0.153377
0.164905
0.179189
0.12003
0.173858
0.158628
0.220742
0.138872
0.161778
0.123652
0.217376
0.214971
0.136156
0.166069
0.154734
0.17182
0.166238
0.159024
0.18269
0.168186
0.217092
0.0940188
0.122254
0.243019
0.163531
0.142546
0.133668
0.166909
0.199767
0.152303
0.178197
0.123146
0.149275
0.0959166
0.19657
0.193695
0.219582
0.189493
0.154482
0.254724
0.23733
0.236713
0.112118
0.182299
0.171815
0.184574
0.181705
0.0935736
0.152508
0.202926
0.270333
0.199718
0.152155
0.130308
0.292945
0.148302
0.204238
0.0974756
0.215233
0.165018
0.179314
0.146898
0.156608
0.17892
0.159379
0.214263
0.180419
0.133107
0.11238
0.2003
0.148416
0.144991
0.194164
0.17866
0.144852
0.192904
0.150258
0.19237
0.186157
0.187834
0.178395
0.132796
0.206512
0.1514
0.170379
0.126865
0.108883
0.134177
0.213941
0.148467
0.147646
0.17689
0.142864
0.166468
0.181345
0.183681
0.154481
0.250723
0.12425
0.18533
0.27226
0.239712
0.164025
0.153384
0.176981
0.125032
0.214525
0.149994
0.127523
0.186882
0.10748
0.220478
0.159962
0.170515
0.119788
0.118222
0.183628
0.136668
0.191101
0.133956
0.155164
0.167385
0.27304
0.163651
0.219153
0.146738
0.117969
0.179088
0.156427
0.157513
0.141878
0.213198
0.191783
0.173515
0.199686
0.146761
0.152516
0.153803
0.120006
0.162881
0.175262
0.196983
0.147564
0.148067
0.148774
0.240461
0.142078
0.157587
0.166339
0.149478
0.165612
0.132802
0.236069
0.1716
0.165829
0.18503
0.1546
